Using pre-set license

 COMMAND LINE ARGUMENTS:
/Users/arielsharon/Documents/Unity/2020.3.1f1/Unity.app/Contents/MacOS/Unity
-adb2
-batchMode
-noUpm
-name
AssetImportWorker0
-projectPath
/Users/arielsharon/Documents/Unity/Projects/Spaceport
-logFile
Logs/AssetImportWorker0.log
-srvPort
51762
Successfully changed project path to: /Users/arielsharon/Documents/Unity/Projects/Spaceport
/Users/arielsharon/Documents/Unity/Projects/Spaceport
Using Asset Import Pipeline V2.
Refreshing native plugins compatible for Editor in 47.06 ms, found 1 plugins.
Preloading 0 native plugins for Editor in 0.00 ms.
Initialize engine version: 2020.3.1f1 (77a89f25062f)
[Subsystems] Discovering subsystems at path /Users/arielsharon/Documents/Unity/2020.3.1f1/Unity.app/Contents/Resources/UnitySubsystems
[Subsystems] Discovering subsystems at path /Users/arielsharon/Documents/Unity/Projects/Spaceport/Assets
GfxDevice: creating device client; threaded=0
2021-04-01 00:45:34.853 Unity[1361:20541] Color LCD preferred device: Intel(R) Iris(TM) Graphics 6000 (low power)
2021-04-01 00:45:34.853 Unity[1361:20541] Metal devices available: 1
2021-04-01 00:45:34.853 Unity[1361:20541] 0: Intel(R) Iris(TM) Graphics 6000 (low power)
2021-04-01 00:45:34.854 Unity[1361:20541] Using device Intel(R) Iris(TM) Graphics 6000 (low power)
Initializing Metal device caps: Intel(R) Iris(TM) Graphics 6000
Initialize mono
Mono path[0] = '/Users/arielsharon/Documents/Unity/2020.3.1f1/Unity.app/Contents/Managed'
Mono path[1] = '/Users/arielsharon/Documents/Unity/2020.3.1f1/Unity.app/Contents/MonoBleedingEdge/lib/mono/unityjit'
Mono config path = '/Users/arielsharon/Documents/Unity/2020.3.1f1/Unity.app/Contents/MonoBleedingEdge/etc'
Using monoOptions --debugger-agent=transport=dt_socket,embedding=1,server=y,suspend=n,address=127.0.0.1:56361
Begin MonoManager ReloadAssembly
Registering precompiled unity dll's ...
Register platform support module: /Users/arielsharon/Documents/Unity/2020.3.1f1/Unity.app/Contents/PlaybackEngines/MacStandaloneSupport/UnityEditor.OSXStandalone.Extensions.dll
Registered in 0.000607 seconds.
Native extension for OSXStandalone target not found
Refreshing native plugins compatible for Editor in 41.50 ms, found 1 plugins.
Preloading 0 native plugins for Editor in 0.00 ms.
Invoked RoslynAnalysisRunner static constructor.
RoslynAnalysisRunner will not be running.
RoslynAnalysisRunner has terminated.
Mono: successfully reloaded assembly
- Completed reload, in  2.400 seconds
Platform modules already initialized, skipping
Registering precompiled user dll's ...
Registered in 0.000818 seconds.
Begin MonoManager ReloadAssembly
Native extension for OSXStandalone target not found
Refreshing native plugins compatible for Editor in 43.47 ms, found 1 plugins.
Preloading 0 native plugins for Editor in 0.00 ms.
Invoked RoslynAnalysisRunner static constructor.
RoslynAnalysisRunner will not be running.
RoslynAnalysisRunner has terminated.
Mono: successfully reloaded assembly
- Completed reload, in  1.530 seconds
Platform modules already initialized, skipping
========================================================================
Worker process is ready to serve import requests
Launching external process: /Users/arielsharon/Documents/Unity/2020.3.1f1/Unity.app/Contents/Tools/UnityShaderCompiler
Launched and connected shader compiler UnityShaderCompiler after 0.03 seconds
Refreshing native plugins compatible for Editor in 0.43 ms, found 1 plugins.
Preloading 0 native plugins for Editor in 0.00 ms.
Unloading 1956 Unused Serialized files (Serialized files now loaded: 0)
System memory in use before: 140.1 MB.
System memory in use after: 140.2 MB.

Unloading 11 unused Assets to reduce memory usage. Loaded Objects now: 2399.
Total: 6.317385 ms (FindLiveObjects: 0.481568 ms CreateObjectMapping: 0.145808 ms MarkObjects: 5.373620 ms  DeleteObjects: 0.313176 ms)

========================================================================
Received Import Request.
  path: Assets/Sprites/Daco_1.png
  artifactKey: Guid(ba28d66de71e849f38fb21d2ec0aff00) Importer(815301076,1909f56bfc062723c751e8b465ee728b)
Start importing Assets/Sprites/Daco_1.png using Guid(ba28d66de71e849f38fb21d2ec0aff00) Importer(815301076,1909f56bfc062723c751e8b465ee728b)  -> (artifact id: '8de420065ba91925132342ec25674517') in 0.967951 seconds
  Import took 0.973566 seconds .

========================================================================
Received Prepare
Registering precompiled user dll's ...
Registered in 0.001461 seconds.
Begin MonoManager ReloadAssembly
Native extension for OSXStandalone target not found
Refreshing native plugins compatible for Editor in 0.49 ms, found 1 plugins.
Preloading 0 native plugins for Editor in 0.00 ms.
Warning: Annotation not found!
UnityEngine.StackTraceUtility:ExtractStackTrace () (at /Users/bokken/buildslave/unity/build/Runtime/Export/Scripting/StackTrace.cs:37)
UnityEditor.ProBuilder.EditorUtility:SetGizmoIconEnabled (System.Type,bool) (at Library/PackageCache/com.unity.probuilder@4.5.0/Editor/EditorCore/EditorUtility.cs:593)
UnityEditor.ProBuilder.HierarchyListener:.cctor () (at Library/PackageCache/com.unity.probuilder@4.5.0/Editor/EditorCore/HierarchyListener.cs:21)
System.Runtime.CompilerServices.RuntimeHelpers:RunClassConstructor (System.RuntimeTypeHandle)
UnityEditor.EditorAssemblies:ProcessInitializeOnLoadAttributes (System.Type[]) (at /Users/bokken/buildslave/unity/build/Editor/Mono/EditorAssemblies.cs:114)

[Library/PackageCache/com.unity.probuilder@4.5.0/Editor/EditorCore/EditorUtility.cs line 593]

Invoked RoslynAnalysisRunner static constructor.
RoslynAnalysisRunner will not be running.
RoslynAnalysisRunner has terminated.
Mono: successfully reloaded assembly
- Completed reload, in  1.609 seconds
Platform modules already initialized, skipping
Refreshing native plugins compatible for Editor in 0.62 ms, found 1 plugins.
Preloading 0 native plugins for Editor in 0.00 ms.
Unloading 2306 Unused Serialized files (Serialized files now loaded: 0)
System memory in use before: 165.5 MB.
System memory in use after: 163.4 MB.

Unloading 29 unused Assets to reduce memory usage. Loaded Objects now: 2756.
Total: 10.130322 ms (FindLiveObjects: 0.490376 ms CreateObjectMapping: 0.193720 ms MarkObjects: 5.606982 ms  DeleteObjects: 3.835699 ms)

========================================================================
Received Import Request.
  Time since last request: 57.913704 seconds.
  path: Assets/Sprites/Daco_1.png
  artifactKey: Guid(ba28d66de71e849f38fb21d2ec0aff00) Importer(815301076,1909f56bfc062723c751e8b465ee728b)
Start importing Assets/Sprites/Daco_1.png using Guid(ba28d66de71e849f38fb21d2ec0aff00) Importer(815301076,1909f56bfc062723c751e8b465ee728b)  -> (artifact id: '95133edfa5415c4f8449eda823547cc3') in 0.111175 seconds
  Import took 0.117432 seconds .

