Using pre-set license

 COMMAND LINE ARGUMENTS:
/Users/arielsharon/Documents/Unity/2020.3.1f1/Unity.app/Contents/MacOS/Unity
-adb2
-batchMode
-noUpm
-name
AssetImportWorker1
-projectPath
/Users/arielsharon/Documents/Unity/Projects/Spaceport
-logFile
Logs/AssetImportWorker1.log
-srvPort
60715
Successfully changed project path to: /Users/arielsharon/Documents/Unity/Projects/Spaceport
/Users/arielsharon/Documents/Unity/Projects/Spaceport
Using Asset Import Pipeline V2.
Refreshing native plugins compatible for Editor in 42.30 ms, found 1 plugins.
Preloading 0 native plugins for Editor in 0.00 ms.
Initialize engine version: 2020.3.1f1 (77a89f25062f)
[Subsystems] Discovering subsystems at path /Users/arielsharon/Documents/Unity/2020.3.1f1/Unity.app/Contents/Resources/UnitySubsystems
[Subsystems] Discovering subsystems at path /Users/arielsharon/Documents/Unity/Projects/Spaceport/Assets
GfxDevice: creating device client; threaded=0
2021-03-24 01:41:35.564 Unity[64512:4366543] Color LCD preferred device: Intel(R) Iris(TM) Graphics 6000 (low power)
2021-03-24 01:41:35.564 Unity[64512:4366543] Metal devices available: 1
2021-03-24 01:41:35.564 Unity[64512:4366543] 0: Intel(R) Iris(TM) Graphics 6000 (low power)
2021-03-24 01:41:35.565 Unity[64512:4366543] Using device Intel(R) Iris(TM) Graphics 6000 (low power)
Initializing Metal device caps: Intel(R) Iris(TM) Graphics 6000
Initialize mono
Mono path[0] = '/Users/arielsharon/Documents/Unity/2020.3.1f1/Unity.app/Contents/Managed'
Mono path[1] = '/Users/arielsharon/Documents/Unity/2020.3.1f1/Unity.app/Contents/MonoBleedingEdge/lib/mono/unityjit'
Mono config path = '/Users/arielsharon/Documents/Unity/2020.3.1f1/Unity.app/Contents/MonoBleedingEdge/etc'
Using monoOptions --debugger-agent=transport=dt_socket,embedding=1,server=y,suspend=n,address=127.0.0.1:56512
Begin MonoManager ReloadAssembly
Registering precompiled unity dll's ...
Register platform support module: /Users/arielsharon/Documents/Unity/2020.3.1f1/Unity.app/Contents/PlaybackEngines/MacStandaloneSupport/UnityEditor.OSXStandalone.Extensions.dll
Registered in 0.005122 seconds.
Native extension for OSXStandalone target not found
Refreshing native plugins compatible for Editor in 29.57 ms, found 1 plugins.
Preloading 0 native plugins for Editor in 0.00 ms.
Invoked RoslynAnalysisRunner static constructor.
RoslynAnalysisRunner will not be running.
RoslynAnalysisRunner has terminated.
Mono: successfully reloaded assembly
- Completed reload, in  8.097 seconds
Platform modules already initialized, skipping
Registering precompiled user dll's ...
Registered in 0.001954 seconds.
Begin MonoManager ReloadAssembly
Native extension for OSXStandalone target not found
Refreshing native plugins compatible for Editor in 0.40 ms, found 1 plugins.
Preloading 0 native plugins for Editor in 0.00 ms.
Invoked RoslynAnalysisRunner static constructor.
RoslynAnalysisRunner will not be running.
RoslynAnalysisRunner has terminated.
Mono: successfully reloaded assembly
- Completed reload, in  1.566 seconds
Platform modules already initialized, skipping
========================================================================
Worker process is ready to serve import requests
Launching external process: /Users/arielsharon/Documents/Unity/2020.3.1f1/Unity.app/Contents/Tools/UnityShaderCompiler
Launched and connected shader compiler UnityShaderCompiler after 0.05 seconds
Refreshing native plugins compatible for Editor in 0.21 ms, found 1 plugins.
Preloading 0 native plugins for Editor in 0.00 ms.
Unloading 1119 Unused Serialized files (Serialized files now loaded: 0)
System memory in use before: 108.5 MB.
System memory in use after: 108.5 MB.

Unloading 10 unused Assets to reduce memory usage. Loaded Objects now: 1562.
Total: 3.651676 ms (FindLiveObjects: 0.566460 ms CreateObjectMapping: 0.123969 ms MarkObjects: 2.862034 ms  DeleteObjects: 0.097364 ms)

========================================================================
Received Import Request.
  path: Assets/Prefabs/GunHit.prefab
  artifactKey: Guid(597633441dead434ca624176a41ac253) Importer(815301076,1909f56bfc062723c751e8b465ee728b)
Start importing Assets/Prefabs/GunHit.prefab using Guid(597633441dead434ca624176a41ac253) Importer(815301076,1909f56bfc062723c751e8b465ee728b)  -> (artifact id: '1f37bf17c5b47de62538caf4ed31052b') in 0.517664 seconds
  Import took 0.521986 seconds .

========================================================================
Received Import Request.
  Time since last request: 0.000320 seconds.
  path: Assets/Prefabs/Enemy.prefab
  artifactKey: Guid(fd320012f47ec4df09a44513ae0b6aaa) Importer(815301076,1909f56bfc062723c751e8b465ee728b)
Start importing Assets/Prefabs/Enemy.prefab using Guid(fd320012f47ec4df09a44513ae0b6aaa) Importer(815301076,1909f56bfc062723c751e8b465ee728b)  -> (artifact id: '9b1b0368b7020e42238cf92081334dd6') in 0.136075 seconds
  Import took 0.139477 seconds .

========================================================================
Received Prepare
Registering precompiled user dll's ...
Registered in 0.000450 seconds.
Begin MonoManager ReloadAssembly
Native extension for OSXStandalone target not found
Refreshing native plugins compatible for Editor in 0.28 ms, found 1 plugins.
Preloading 0 native plugins for Editor in 0.00 ms.
Invoked RoslynAnalysisRunner static constructor.
RoslynAnalysisRunner will not be running.
RoslynAnalysisRunner has terminated.
Mono: successfully reloaded assembly
- Completed reload, in  1.248 seconds
Platform modules already initialized, skipping
Refreshing native plugins compatible for Editor in 0.24 ms, found 1 plugins.
Preloading 0 native plugins for Editor in 0.00 ms.
Unloading 1114 Unused Serialized files (Serialized files now loaded: 0)
System memory in use before: 116.5 MB.
System memory in use after: 116.5 MB.

Unloading 5 unused Assets to reduce memory usage. Loaded Objects now: 1573.
Total: 2.126760 ms (FindLiveObjects: 0.216243 ms CreateObjectMapping: 0.036741 ms MarkObjects: 1.814630 ms  DeleteObjects: 0.057511 ms)

========================================================================
Received Import Request.
  Time since last request: 75.602696 seconds.
  path: Assets/Prefabs/Enemy.prefab
  artifactKey: Guid(fd320012f47ec4df09a44513ae0b6aaa) Importer(815301076,1909f56bfc062723c751e8b465ee728b)
Start importing Assets/Prefabs/Enemy.prefab using Guid(fd320012f47ec4df09a44513ae0b6aaa) Importer(815301076,1909f56bfc062723c751e8b465ee728b)  -> (artifact id: '9a248ec66e44c59131fef51998c6ed1b') in 0.121937 seconds
  Import took 0.125055 seconds .

========================================================================
Received Import Request.
  Time since last request: 45.604313 seconds.
  path: Assets/Audio
  artifactKey: Guid(8724bb287cd9949bea78eaf285b755ab) Importer(815301076,1909f56bfc062723c751e8b465ee728b)
Start importing Assets/Audio using Guid(8724bb287cd9949bea78eaf285b755ab) Importer(815301076,1909f56bfc062723c751e8b465ee728b)  -> (artifact id: 'c1de8ba0aa6fb5a78f7e3f7ccb6b2ca2') in 0.002976 seconds
  Import took 0.012750 seconds .

========================================================================
Received Import Request.
  Time since last request: 0.027611 seconds.
  path: Assets/Audio
  artifactKey: Guid(8724bb287cd9949bea78eaf285b755ab) Importer(815301076,1909f56bfc062723c751e8b465ee728b)
Start importing Assets/Audio using Guid(8724bb287cd9949bea78eaf285b755ab) Importer(815301076,1909f56bfc062723c751e8b465ee728b)  -> (artifact id: 'c1de8ba0aa6fb5a78f7e3f7ccb6b2ca2') in 0.005486 seconds
  Import took 0.010855 seconds .

========================================================================
Received Import Request.
  Time since last request: 65.615915 seconds.
  path: Assets/Audio/temp_gun_sound.wav
  artifactKey: Guid(4d46bd898e288434f849d5518eddfa89) Importer(815301076,1909f56bfc062723c751e8b465ee728b)
Start importing Assets/Audio/temp_gun_sound.wav using Guid(4d46bd898e288434f849d5518eddfa89) Importer(815301076,1909f56bfc062723c751e8b465ee728b)  -> (artifact id: 'd3bfec4a46a9650907f80f3d7f0c9ac6') in 0.726740 seconds
  Import took 0.730229 seconds .

========================================================================
Received Prepare
Registering precompiled user dll's ...
Registered in 0.000489 seconds.
Begin MonoManager ReloadAssembly
Native extension for OSXStandalone target not found
Refreshing native plugins compatible for Editor in 0.27 ms, found 1 plugins.
Preloading 0 native plugins for Editor in 0.00 ms.
Invoked RoslynAnalysisRunner static constructor.
RoslynAnalysisRunner will not be running.
RoslynAnalysisRunner has terminated.
Mono: successfully reloaded assembly
- Completed reload, in  1.319 seconds
Platform modules already initialized, skipping
Refreshing native plugins compatible for Editor in 0.27 ms, found 1 plugins.
Preloading 0 native plugins for Editor in 0.00 ms.
Unloading 1114 Unused Serialized files (Serialized files now loaded: 0)
System memory in use before: 121.1 MB.
System memory in use after: 121.2 MB.

Unloading 5 unused Assets to reduce memory usage. Loaded Objects now: 1579.
Total: 2.633860 ms (FindLiveObjects: 0.354201 ms CreateObjectMapping: 0.059251 ms MarkObjects: 2.125384 ms  DeleteObjects: 0.093002 ms)

========================================================================
Received Import Request.
  Time since last request: 135.366680 seconds.
  path: Assets/Prefabs/Enemy 1.prefab
  artifactKey: Guid(1d95557cc2327425bbe4bb5327f023d8) Importer(815301076,1909f56bfc062723c751e8b465ee728b)
Start importing Assets/Prefabs/Enemy 1.prefab using Guid(1d95557cc2327425bbe4bb5327f023d8) Importer(815301076,1909f56bfc062723c751e8b465ee728b)  -> (artifact id: '8a4542d2f859fb2214a7d4f3cb16f1f4') in 0.109649 seconds
  Import took 0.112611 seconds .

========================================================================
Received Import Request.
  Time since last request: 6.328479 seconds.
  path: Assets/Prefabs/Enemy.prefab
  artifactKey: Guid(1d95557cc2327425bbe4bb5327f023d8) Importer(815301076,1909f56bfc062723c751e8b465ee728b)
Start importing Assets/Prefabs/Enemy.prefab using Guid(1d95557cc2327425bbe4bb5327f023d8) Importer(815301076,1909f56bfc062723c751e8b465ee728b)  -> (artifact id: '87380bc62a290611de606ebbdbe2f2f0') in 0.016856 seconds
  Import took 0.020169 seconds .

========================================================================
Received Prepare
Registering precompiled user dll's ...
Registered in 0.002026 seconds.
Begin MonoManager ReloadAssembly
Native extension for OSXStandalone target not found
Refreshing native plugins compatible for Editor in 0.23 ms, found 1 plugins.
Preloading 0 native plugins for Editor in 0.00 ms.
Invoked RoslynAnalysisRunner static constructor.
RoslynAnalysisRunner will not be running.
RoslynAnalysisRunner has terminated.
Mono: successfully reloaded assembly
- Completed reload, in  1.234 seconds
Platform modules already initialized, skipping
Refreshing native plugins compatible for Editor in 0.34 ms, found 1 plugins.
Preloading 0 native plugins for Editor in 0.00 ms.
Unloading 1114 Unused Serialized files (Serialized files now loaded: 0)
System memory in use before: 121.4 MB.
System memory in use after: 121.4 MB.

Unloading 5 unused Assets to reduce memory usage. Loaded Objects now: 1583.
Total: 2.730388 ms (FindLiveObjects: 0.357743 ms CreateObjectMapping: 0.058064 ms MarkObjects: 2.254721 ms  DeleteObjects: 0.057533 ms)

========================================================================
Received Prepare
Registering precompiled user dll's ...
Registered in 0.000464 seconds.
Begin MonoManager ReloadAssembly
Native extension for OSXStandalone target not found
Refreshing native plugins compatible for Editor in 0.26 ms, found 1 plugins.
Preloading 0 native plugins for Editor in 0.00 ms.
Invoked RoslynAnalysisRunner static constructor.
RoslynAnalysisRunner will not be running.
RoslynAnalysisRunner has terminated.
Mono: successfully reloaded assembly
- Completed reload, in  1.370 seconds
Platform modules already initialized, skipping
Refreshing native plugins compatible for Editor in 0.24 ms, found 1 plugins.
Preloading 0 native plugins for Editor in 0.00 ms.
Unloading 1114 Unused Serialized files (Serialized files now loaded: 0)
System memory in use before: 121.5 MB.
System memory in use after: 121.5 MB.

Unloading 5 unused Assets to reduce memory usage. Loaded Objects now: 1586.
Total: 1.674961 ms (FindLiveObjects: 0.177117 ms CreateObjectMapping: 0.036217 ms MarkObjects: 1.402797 ms  DeleteObjects: 0.057165 ms)

========================================================================
Received Prepare
Registering precompiled user dll's ...
Registered in 0.000471 seconds.
Begin MonoManager ReloadAssembly
Native extension for OSXStandalone target not found
Refreshing native plugins compatible for Editor in 0.25 ms, found 1 plugins.
Preloading 0 native plugins for Editor in 0.00 ms.
Invoked RoslynAnalysisRunner static constructor.
RoslynAnalysisRunner will not be running.
RoslynAnalysisRunner has terminated.
Mono: successfully reloaded assembly
- Completed reload, in  1.240 seconds
Platform modules already initialized, skipping
Refreshing native plugins compatible for Editor in 0.24 ms, found 1 plugins.
Preloading 0 native plugins for Editor in 0.00 ms.
Unloading 1114 Unused Serialized files (Serialized files now loaded: 0)
System memory in use before: 121.7 MB.
System memory in use after: 121.7 MB.

Unloading 5 unused Assets to reduce memory usage. Loaded Objects now: 1589.
Total: 2.078613 ms (FindLiveObjects: 0.277133 ms CreateObjectMapping: 0.074477 ms MarkObjects: 1.667721 ms  DeleteObjects: 0.057820 ms)

========================================================================
Received Prepare
Registering precompiled user dll's ...
Registered in 0.002417 seconds.
Begin MonoManager ReloadAssembly
Native extension for OSXStandalone target not found
Refreshing native plugins compatible for Editor in 0.34 ms, found 1 plugins.
Preloading 0 native plugins for Editor in 0.00 ms.
Invoked RoslynAnalysisRunner static constructor.
RoslynAnalysisRunner will not be running.
RoslynAnalysisRunner has terminated.
Mono: successfully reloaded assembly
- Completed reload, in  1.355 seconds
Platform modules already initialized, skipping
Refreshing native plugins compatible for Editor in 0.25 ms, found 1 plugins.
Preloading 0 native plugins for Editor in 0.00 ms.
Unloading 1114 Unused Serialized files (Serialized files now loaded: 0)
System memory in use before: 121.8 MB.
System memory in use after: 121.9 MB.

Unloading 5 unused Assets to reduce memory usage. Loaded Objects now: 1592.
Total: 2.867835 ms (FindLiveObjects: 0.412232 ms CreateObjectMapping: 0.072960 ms MarkObjects: 2.313728 ms  DeleteObjects: 0.066528 ms)

========================================================================
Received Import Request.
  Time since last request: 379.592020 seconds.
  path: Assets/Prefabs/GunHit.prefab
  artifactKey: Guid(597633441dead434ca624176a41ac253) Importer(815301076,1909f56bfc062723c751e8b465ee728b)
Start importing Assets/Prefabs/GunHit.prefab using Guid(597633441dead434ca624176a41ac253) Importer(815301076,1909f56bfc062723c751e8b465ee728b)  -> (artifact id: 'ad52def809993bbc0848c58dec977f82') in 0.059956 seconds
  Import took 0.063294 seconds .

========================================================================
Received Prepare
Registering precompiled user dll's ...
Registered in 0.000835 seconds.
Begin MonoManager ReloadAssembly
Native extension for OSXStandalone target not found
Refreshing native plugins compatible for Editor in 0.23 ms, found 1 plugins.
Preloading 0 native plugins for Editor in 0.00 ms.
Invoked RoslynAnalysisRunner static constructor.
RoslynAnalysisRunner will not be running.
RoslynAnalysisRunner has terminated.
Mono: successfully reloaded assembly
- Completed reload, in  1.739 seconds
Platform modules already initialized, skipping
Refreshing native plugins compatible for Editor in 0.36 ms, found 1 plugins.
Preloading 0 native plugins for Editor in 0.00 ms.
Unloading 1114 Unused Serialized files (Serialized files now loaded: 0)
System memory in use before: 121.9 MB.
System memory in use after: 122.0 MB.

Unloading 5 unused Assets to reduce memory usage. Loaded Objects now: 1595.
Total: 4.300285 ms (FindLiveObjects: 0.554826 ms CreateObjectMapping: 0.335569 ms MarkObjects: 3.169724 ms  DeleteObjects: 0.237803 ms)

========================================================================
Received Prepare
Registering precompiled user dll's ...
Registered in 0.000465 seconds.
Begin MonoManager ReloadAssembly
Native extension for OSXStandalone target not found
Refreshing native plugins compatible for Editor in 0.31 ms, found 1 plugins.
Preloading 0 native plugins for Editor in 0.00 ms.
Invoked RoslynAnalysisRunner static constructor.
RoslynAnalysisRunner will not be running.
RoslynAnalysisRunner has terminated.
Mono: successfully reloaded assembly
- Completed reload, in  1.213 seconds
Platform modules already initialized, skipping
Refreshing native plugins compatible for Editor in 0.25 ms, found 1 plugins.
Preloading 0 native plugins for Editor in 0.00 ms.
Unloading 1114 Unused Serialized files (Serialized files now loaded: 0)
System memory in use before: 122.2 MB.
System memory in use after: 122.2 MB.

Unloading 5 unused Assets to reduce memory usage. Loaded Objects now: 1598.
Total: 2.636084 ms (FindLiveObjects: 0.324756 ms CreateObjectMapping: 0.063035 ms MarkObjects: 2.186852 ms  DeleteObjects: 0.058010 ms)

========================================================================
Received Prepare
Registering precompiled user dll's ...
Registered in 0.001724 seconds.
Begin MonoManager ReloadAssembly
Native extension for OSXStandalone target not found
Refreshing native plugins compatible for Editor in 0.28 ms, found 1 plugins.
Preloading 0 native plugins for Editor in 0.00 ms.
Invoked RoslynAnalysisRunner static constructor.
RoslynAnalysisRunner will not be running.
RoslynAnalysisRunner has terminated.
Mono: successfully reloaded assembly
- Completed reload, in  1.404 seconds
Platform modules already initialized, skipping
Refreshing native plugins compatible for Editor in 0.34 ms, found 1 plugins.
Preloading 0 native plugins for Editor in 0.00 ms.
Unloading 1114 Unused Serialized files (Serialized files now loaded: 0)
System memory in use before: 122.4 MB.
System memory in use after: 122.4 MB.

Unloading 5 unused Assets to reduce memory usage. Loaded Objects now: 1601.
Total: 2.927097 ms (FindLiveObjects: 0.302328 ms CreateObjectMapping: 0.060640 ms MarkObjects: 2.480318 ms  DeleteObjects: 0.081442 ms)

========================================================================
Received Import Request.
  Time since last request: 187.135536 seconds.
  path: Assets/Materials/Enemy Aggro.mat
  artifactKey: Guid(c7718f69eebb94aceb9e520edb53f9d0) Importer(815301076,1909f56bfc062723c751e8b465ee728b)
Start importing Assets/Materials/Enemy Aggro.mat using Guid(c7718f69eebb94aceb9e520edb53f9d0) Importer(815301076,1909f56bfc062723c751e8b465ee728b)  -> (artifact id: 'd0710f0cc48b8f2fd528c138ad26111a') in 0.525364 seconds
  Import took 0.529980 seconds .

========================================================================
Received Prepare
Registering precompiled user dll's ...
Registered in 0.000441 seconds.
Begin MonoManager ReloadAssembly
Native extension for OSXStandalone target not found
Refreshing native plugins compatible for Editor in 0.36 ms, found 1 plugins.
Preloading 0 native plugins for Editor in 0.00 ms.
Invoked RoslynAnalysisRunner static constructor.
RoslynAnalysisRunner will not be running.
RoslynAnalysisRunner has terminated.
Mono: successfully reloaded assembly
- Completed reload, in  1.209 seconds
Platform modules already initialized, skipping
Refreshing native plugins compatible for Editor in 0.35 ms, found 1 plugins.
Preloading 0 native plugins for Editor in 0.00 ms.
Unloading 1115 Unused Serialized files (Serialized files now loaded: 0)
System memory in use before: 127.1 MB.
System memory in use after: 127.2 MB.

Unloading 5 unused Assets to reduce memory usage. Loaded Objects now: 1639.
Total: 1.920560 ms (FindLiveObjects: 0.222948 ms CreateObjectMapping: 0.037357 ms MarkObjects: 1.603482 ms  DeleteObjects: 0.055205 ms)

========================================================================
Received Import Request.
  Time since last request: 33.008526 seconds.
  path: Assets/Prefabs/Enemy.prefab
  artifactKey: Guid(1d95557cc2327425bbe4bb5327f023d8) Importer(815301076,1909f56bfc062723c751e8b465ee728b)
Start importing Assets/Prefabs/Enemy.prefab using Guid(1d95557cc2327425bbe4bb5327f023d8) Importer(815301076,1909f56bfc062723c751e8b465ee728b)  -> (artifact id: '6699d61ab3d7dbcf4def96e76b4a087a') in 0.085522 seconds
  Import took 0.089462 seconds .

========================================================================
Received Prepare
Registering precompiled user dll's ...
Registered in 0.000447 seconds.
Begin MonoManager ReloadAssembly
Native extension for OSXStandalone target not found
Refreshing native plugins compatible for Editor in 0.25 ms, found 1 plugins.
Preloading 0 native plugins for Editor in 0.00 ms.
Invoked RoslynAnalysisRunner static constructor.
RoslynAnalysisRunner will not be running.
RoslynAnalysisRunner has terminated.
Mono: successfully reloaded assembly
- Completed reload, in  1.152 seconds
Platform modules already initialized, skipping
Refreshing native plugins compatible for Editor in 0.26 ms, found 1 plugins.
Preloading 0 native plugins for Editor in 0.00 ms.
Unloading 1115 Unused Serialized files (Serialized files now loaded: 0)
System memory in use before: 127.2 MB.
System memory in use after: 127.3 MB.

Unloading 5 unused Assets to reduce memory usage. Loaded Objects now: 1643.
Total: 2.662585 ms (FindLiveObjects: 0.360217 ms CreateObjectMapping: 0.060718 ms MarkObjects: 2.169012 ms  DeleteObjects: 0.070813 ms)

========================================================================
Received Prepare
Registering precompiled user dll's ...
Registered in 0.000653 seconds.
Begin MonoManager ReloadAssembly
Native extension for OSXStandalone target not found
Refreshing native plugins compatible for Editor in 0.23 ms, found 1 plugins.
Preloading 0 native plugins for Editor in 0.00 ms.
Invoked RoslynAnalysisRunner static constructor.
RoslynAnalysisRunner will not be running.
RoslynAnalysisRunner has terminated.
Mono: successfully reloaded assembly
- Completed reload, in  1.353 seconds
Platform modules already initialized, skipping
Refreshing native plugins compatible for Editor in 0.36 ms, found 1 plugins.
Preloading 0 native plugins for Editor in 0.00 ms.
Unloading 1115 Unused Serialized files (Serialized files now loaded: 0)
System memory in use before: 127.5 MB.
System memory in use after: 127.5 MB.

Unloading 5 unused Assets to reduce memory usage. Loaded Objects now: 1646.
Total: 1.858850 ms (FindLiveObjects: 0.272074 ms CreateObjectMapping: 0.048886 ms MarkObjects: 1.473833 ms  DeleteObjects: 0.062328 ms)

========================================================================
Received Import Request.
  Time since last request: 113.033625 seconds.
  path: Assets/Prefabs/Enemy.prefab
  artifactKey: Guid(1d95557cc2327425bbe4bb5327f023d8) Importer(815301076,1909f56bfc062723c751e8b465ee728b)
Start importing Assets/Prefabs/Enemy.prefab using Guid(1d95557cc2327425bbe4bb5327f023d8) Importer(815301076,1909f56bfc062723c751e8b465ee728b)  -> (artifact id: '8dfcfe5a4125836dc96b3e9eee150b15') in 0.125702 seconds
  Import took 0.131774 seconds .

========================================================================
Received Import Request.
  Time since last request: 23.103953 seconds.
  path: Assets/Prefabs/Enemy.prefab
  artifactKey: Guid(1d95557cc2327425bbe4bb5327f023d8) Importer(815301076,1909f56bfc062723c751e8b465ee728b)
Start importing Assets/Prefabs/Enemy.prefab using Guid(1d95557cc2327425bbe4bb5327f023d8) Importer(815301076,1909f56bfc062723c751e8b465ee728b)  -> (artifact id: 'c84b8571c6d5473c8c2f418136a76d9b') in 0.018736 seconds
  Import took 0.022909 seconds .

========================================================================
Received Import Request.
  Time since last request: 15.201371 seconds.
  path: Assets/Scripts/EnemyManager.cs
  artifactKey: Guid(195e4b4931ff54791b9bb9afae155992) Importer(815301076,1909f56bfc062723c751e8b465ee728b)
Start importing Assets/Scripts/EnemyManager.cs using Guid(195e4b4931ff54791b9bb9afae155992) Importer(815301076,1909f56bfc062723c751e8b465ee728b)  -> (artifact id: '41e11ed0bd95aed125e7acc92bfde34c') in 2.449681 seconds
  Import took 2.452296 seconds .

========================================================================
Received Prepare
Registering precompiled user dll's ...
Registered in 0.002656 seconds.
Begin MonoManager ReloadAssembly
Native extension for OSXStandalone target not found
Refreshing native plugins compatible for Editor in 0.23 ms, found 1 plugins.
Preloading 0 native plugins for Editor in 0.00 ms.
Invoked RoslynAnalysisRunner static constructor.
RoslynAnalysisRunner will not be running.
RoslynAnalysisRunner has terminated.
Mono: successfully reloaded assembly
- Completed reload, in  1.458 seconds
Platform modules already initialized, skipping
Refreshing native plugins compatible for Editor in 0.24 ms, found 1 plugins.
Preloading 0 native plugins for Editor in 0.00 ms.
Unloading 1115 Unused Serialized files (Serialized files now loaded: 0)
System memory in use before: 132.0 MB.
System memory in use after: 132.1 MB.

Unloading 5 unused Assets to reduce memory usage. Loaded Objects now: 1650.
Total: 1.822915 ms (FindLiveObjects: 0.219795 ms CreateObjectMapping: 0.040633 ms MarkObjects: 1.505083 ms  DeleteObjects: 0.055488 ms)

========================================================================
Received Prepare
Registering precompiled user dll's ...
Registered in 0.000730 seconds.
Begin MonoManager ReloadAssembly
Native extension for OSXStandalone target not found
Refreshing native plugins compatible for Editor in 0.45 ms, found 1 plugins.
Preloading 0 native plugins for Editor in 0.00 ms.
Invoked RoslynAnalysisRunner static constructor.
RoslynAnalysisRunner will not be running.
RoslynAnalysisRunner has terminated.
Mono: successfully reloaded assembly
- Completed reload, in  1.728 seconds
Platform modules already initialized, skipping
Refreshing native plugins compatible for Editor in 0.35 ms, found 1 plugins.
Preloading 0 native plugins for Editor in 0.00 ms.
Unloading 1115 Unused Serialized files (Serialized files now loaded: 0)
System memory in use before: 132.1 MB.
System memory in use after: 132.2 MB.

Unloading 5 unused Assets to reduce memory usage. Loaded Objects now: 1653.
Total: 1.796255 ms (FindLiveObjects: 0.169869 ms CreateObjectMapping: 0.037993 ms MarkObjects: 1.524265 ms  DeleteObjects: 0.062631 ms)

========================================================================
Received Prepare
Registering precompiled user dll's ...
Registered in 0.000534 seconds.
Begin MonoManager ReloadAssembly
Native extension for OSXStandalone target not found
Refreshing native plugins compatible for Editor in 0.76 ms, found 1 plugins.
Preloading 0 native plugins for Editor in 0.00 ms.
Invoked RoslynAnalysisRunner static constructor.
RoslynAnalysisRunner will not be running.
RoslynAnalysisRunner has terminated.
Mono: successfully reloaded assembly
- Completed reload, in  1.924 seconds
Platform modules already initialized, skipping
Refreshing native plugins compatible for Editor in 0.59 ms, found 1 plugins.
Preloading 0 native plugins for Editor in 0.00 ms.
Unloading 1115 Unused Serialized files (Serialized files now loaded: 0)
System memory in use before: 132.2 MB.
System memory in use after: 132.3 MB.

Unloading 5 unused Assets to reduce memory usage. Loaded Objects now: 1656.
Total: 3.560338 ms (FindLiveObjects: 0.308722 ms CreateObjectMapping: 0.067722 ms MarkObjects: 3.068290 ms  DeleteObjects: 0.112695 ms)

========================================================================
Received Prepare
Registering precompiled user dll's ...
Registered in 0.000547 seconds.
Begin MonoManager ReloadAssembly
Native extension for OSXStandalone target not found
Refreshing native plugins compatible for Editor in 0.24 ms, found 1 plugins.
Preloading 0 native plugins for Editor in 0.00 ms.
Invoked RoslynAnalysisRunner static constructor.
RoslynAnalysisRunner will not be running.
RoslynAnalysisRunner has terminated.
Mono: successfully reloaded assembly
- Completed reload, in  1.131 seconds
Platform modules already initialized, skipping
Refreshing native plugins compatible for Editor in 0.22 ms, found 1 plugins.
Preloading 0 native plugins for Editor in 0.00 ms.
Unloading 1115 Unused Serialized files (Serialized files now loaded: 0)
System memory in use before: 132.4 MB.
System memory in use after: 132.5 MB.

Unloading 5 unused Assets to reduce memory usage. Loaded Objects now: 1659.
Total: 3.275354 ms (FindLiveObjects: 0.375781 ms CreateObjectMapping: 0.076845 ms MarkObjects: 2.739998 ms  DeleteObjects: 0.078371 ms)

========================================================================
Received Prepare
Registering precompiled user dll's ...
Registered in 0.000453 seconds.
Begin MonoManager ReloadAssembly
Native extension for OSXStandalone target not found
Refreshing native plugins compatible for Editor in 0.26 ms, found 1 plugins.
Preloading 0 native plugins for Editor in 0.00 ms.
Invoked RoslynAnalysisRunner static constructor.
RoslynAnalysisRunner will not be running.
RoslynAnalysisRunner has terminated.
Mono: successfully reloaded assembly
- Completed reload, in  1.252 seconds
Platform modules already initialized, skipping
Refreshing native plugins compatible for Editor in 0.25 ms, found 1 plugins.
Preloading 0 native plugins for Editor in 0.00 ms.
Unloading 1115 Unused Serialized files (Serialized files now loaded: 0)
System memory in use before: 132.6 MB.
System memory in use after: 132.7 MB.

Unloading 5 unused Assets to reduce memory usage. Loaded Objects now: 1662.
Total: 1.866492 ms (FindLiveObjects: 0.253010 ms CreateObjectMapping: 0.048716 ms MarkObjects: 1.500764 ms  DeleteObjects: 0.062263 ms)

========================================================================
Received Prepare
Registering precompiled user dll's ...
Registered in 0.000491 seconds.
Begin MonoManager ReloadAssembly
Native extension for OSXStandalone target not found
Refreshing native plugins compatible for Editor in 0.23 ms, found 1 plugins.
Preloading 0 native plugins for Editor in 0.00 ms.
Invoked RoslynAnalysisRunner static constructor.
RoslynAnalysisRunner will not be running.
RoslynAnalysisRunner has terminated.
Mono: successfully reloaded assembly
- Completed reload, in  1.485 seconds
Platform modules already initialized, skipping
Refreshing native plugins compatible for Editor in 0.22 ms, found 1 plugins.
Preloading 0 native plugins for Editor in 0.00 ms.
Unloading 1115 Unused Serialized files (Serialized files now loaded: 0)
System memory in use before: 132.8 MB.
System memory in use after: 132.9 MB.

Unloading 5 unused Assets to reduce memory usage. Loaded Objects now: 1665.
Total: 1.793860 ms (FindLiveObjects: 0.256965 ms CreateObjectMapping: 0.037450 ms MarkObjects: 1.431280 ms  DeleteObjects: 0.065761 ms)

========================================================================
Received Import Request.
  Time since last request: 590.100824 seconds.
  path: ProjectSettings/TagManager.asset
  artifactKey: Guid(00000000000000003000000000000000) Importer(815301076,1909f56bfc062723c751e8b465ee728b)
Start importing ProjectSettings/TagManager.asset using Guid(00000000000000003000000000000000) Importer(815301076,1909f56bfc062723c751e8b465ee728b)  -> (artifact id: 'af99d6a9eeba08a3610f3e4a0a668621') in 0.360985 seconds
  Import took 0.364769 seconds .

========================================================================
Received Import Request.
  Time since last request: 3.610592 seconds.
  path: ProjectSettings/TagManager.asset
  artifactKey: Guid(00000000000000003000000000000000) Importer(815301076,1909f56bfc062723c751e8b465ee728b)
Start importing ProjectSettings/TagManager.asset using Guid(00000000000000003000000000000000) Importer(815301076,1909f56bfc062723c751e8b465ee728b)  -> (artifact id: 'dcf3a416a8e2266f82448687c615ef22') in 0.019009 seconds
  Import took 0.023560 seconds .

========================================================================
Received Import Request.
  Time since last request: 39.281300 seconds.
  path: Assets/Prefabs/Enemy.prefab
  artifactKey: Guid(1d95557cc2327425bbe4bb5327f023d8) Importer(815301076,1909f56bfc062723c751e8b465ee728b)
Start importing Assets/Prefabs/Enemy.prefab using Guid(1d95557cc2327425bbe4bb5327f023d8) Importer(815301076,1909f56bfc062723c751e8b465ee728b)  -> (artifact id: '6232644c924e0aabf85a225ea05c82e8') in 0.120327 seconds
  Import took 0.123165 seconds .

========================================================================
Received Import Request.
  Time since last request: 2.850623 seconds.
  path: Assets/Prefabs/Enemy.prefab
  artifactKey: Guid(1d95557cc2327425bbe4bb5327f023d8) Importer(815301076,1909f56bfc062723c751e8b465ee728b)
Start importing Assets/Prefabs/Enemy.prefab using Guid(1d95557cc2327425bbe4bb5327f023d8) Importer(815301076,1909f56bfc062723c751e8b465ee728b)  -> (artifact id: 'a542781ca5e461ff6160281cdb30f1c1') in 0.018131 seconds
  Import took 0.021605 seconds .

========================================================================
Received Import Request.
  Time since last request: 17.352497 seconds.
  path: Assets/Prefabs/Enemy.prefab
  artifactKey: Guid(1d95557cc2327425bbe4bb5327f023d8) Importer(815301076,1909f56bfc062723c751e8b465ee728b)
Start importing Assets/Prefabs/Enemy.prefab using Guid(1d95557cc2327425bbe4bb5327f023d8) Importer(815301076,1909f56bfc062723c751e8b465ee728b)  -> (artifact id: '2205b3d7d09a8e25437190d858c0da1d') in 0.041500 seconds
  Import took 0.047164 seconds .

========================================================================
Received Prepare
Registering precompiled user dll's ...
Registered in 0.001905 seconds.
Begin MonoManager ReloadAssembly
Native extension for OSXStandalone target not found
Refreshing native plugins compatible for Editor in 0.22 ms, found 1 plugins.
Preloading 0 native plugins for Editor in 0.00 ms.
Invoked RoslynAnalysisRunner static constructor.
RoslynAnalysisRunner will not be running.
RoslynAnalysisRunner has terminated.
Mono: successfully reloaded assembly
- Completed reload, in  1.315 seconds
Platform modules already initialized, skipping
Refreshing native plugins compatible for Editor in 0.35 ms, found 1 plugins.
Preloading 0 native plugins for Editor in 0.00 ms.
Unloading 1115 Unused Serialized files (Serialized files now loaded: 0)
System memory in use before: 137.3 MB.
System memory in use after: 137.3 MB.

Unloading 7 unused Assets to reduce memory usage. Loaded Objects now: 1669.
Total: 2.644454 ms (FindLiveObjects: 0.301068 ms CreateObjectMapping: 0.059922 ms MarkObjects: 2.207316 ms  DeleteObjects: 0.072022 ms)

========================================================================
Received Prepare
Registering precompiled user dll's ...
Registered in 0.000422 seconds.
Begin MonoManager ReloadAssembly
Native extension for OSXStandalone target not found
Refreshing native plugins compatible for Editor in 0.24 ms, found 1 plugins.
Preloading 0 native plugins for Editor in 0.00 ms.
Invoked RoslynAnalysisRunner static constructor.
RoslynAnalysisRunner will not be running.
RoslynAnalysisRunner has terminated.
Mono: successfully reloaded assembly
- Completed reload, in  1.427 seconds
Platform modules already initialized, skipping
Refreshing native plugins compatible for Editor in 0.34 ms, found 1 plugins.
Preloading 0 native plugins for Editor in 0.00 ms.
Unloading 1115 Unused Serialized files (Serialized files now loaded: 0)
System memory in use before: 137.4 MB.
System memory in use after: 137.4 MB.

Unloading 5 unused Assets to reduce memory usage. Loaded Objects now: 1672.
Total: 2.507641 ms (FindLiveObjects: 0.225602 ms CreateObjectMapping: 0.059542 ms MarkObjects: 2.146633 ms  DeleteObjects: 0.073439 ms)

========================================================================
Received Import Request.
  Time since last request: 112.894669 seconds.
  path: Assets/Prefabs/Enemy.prefab
  artifactKey: Guid(1d95557cc2327425bbe4bb5327f023d8) Importer(815301076,1909f56bfc062723c751e8b465ee728b)
Start importing Assets/Prefabs/Enemy.prefab using Guid(1d95557cc2327425bbe4bb5327f023d8) Importer(815301076,1909f56bfc062723c751e8b465ee728b)  -> (artifact id: '6b980898cbbcea6bf1666beefe081966') in 0.152215 seconds
  Import took 0.156154 seconds .

========================================================================
Received Import Request.
  Time since last request: 24.665887 seconds.
  path: Assets/Prefabs/Enemy.prefab
  artifactKey: Guid(1d95557cc2327425bbe4bb5327f023d8) Importer(815301076,1909f56bfc062723c751e8b465ee728b)
Start importing Assets/Prefabs/Enemy.prefab using Guid(1d95557cc2327425bbe4bb5327f023d8) Importer(815301076,1909f56bfc062723c751e8b465ee728b)  -> (artifact id: 'bf3de7def2ffc4c0da5e43d244b02156') in 0.026654 seconds
  Import took 0.029838 seconds .

========================================================================
Received Prepare
Registering precompiled user dll's ...
Registered in 0.001786 seconds.
Begin MonoManager ReloadAssembly
Native extension for OSXStandalone target not found
Refreshing native plugins compatible for Editor in 0.27 ms, found 1 plugins.
Preloading 0 native plugins for Editor in 0.00 ms.
Invoked RoslynAnalysisRunner static constructor.
RoslynAnalysisRunner will not be running.
RoslynAnalysisRunner has terminated.
Mono: successfully reloaded assembly
- Completed reload, in  1.249 seconds
Platform modules already initialized, skipping
Refreshing native plugins compatible for Editor in 0.36 ms, found 1 plugins.
Preloading 0 native plugins for Editor in 0.00 ms.
Unloading 1115 Unused Serialized files (Serialized files now loaded: 0)
System memory in use before: 137.6 MB.
System memory in use after: 137.6 MB.

Unloading 5 unused Assets to reduce memory usage. Loaded Objects now: 1676.
Total: 2.495895 ms (FindLiveObjects: 0.256213 ms CreateObjectMapping: 0.052207 ms MarkObjects: 2.117487 ms  DeleteObjects: 0.068358 ms)

